<?xml version="1.0" encoding="UTF-8"?>
<testsuite xmlns:xsi="http://www.w3.org/2001/XMLSchema-instance" xsi:noNamespaceSchemaLocation="https://maven.apache.org/surefire/maven-surefire-plugin/xsd/surefire-test-report.xsd" version="3.0.2" name="com.example.shippingservice.ShippingServiceApplicationTest" time="2.476" tests="1" errors="0" skipped="0" failures="0">
  <properties>
    <property name="java.specification.version" value="21"/>
    <property name="sun.jnu.encoding" value="UTF-8"/>
    <property name="java.class.path" value="/Users/tsalm/Documents/Sourcecode/modern-app-arch-spring-cloud/shipping-service/target/test-classes:/Users/tsalm/Documents/Sourcecode/modern-app-arch-spring-cloud/shipping-service/target/classes:/Users/tsalm/.m2/repository/org/springframework/boot/spring-boot-starter-actuator/3.4.5/spring-boot-starter-actuator-3.4.5.jar:/Users/tsalm/.m2/repository/org/springframework/boot/spring-boot-starter/3.4.5/spring-boot-starter-3.4.5.jar:/Users/tsalm/.m2/repository/org/springframework/boot/spring-boot/3.4.5/spring-boot-3.4.5.jar:/Users/tsalm/.m2/repository/org/springframework/spring-context/6.2.6/spring-context-6.2.6.jar:/Users/tsalm/.m2/repository/org/springframework/spring-expression/6.2.6/spring-expression-6.2.6.jar:/Users/tsalm/.m2/repository/org/springframework/boot/spring-boot-autoconfigure/3.4.5/spring-boot-autoconfigure-3.4.5.jar:/Users/tsalm/.m2/repository/org/springframework/boot/spring-boot-starter-logging/3.4.5/spring-boot-starter-logging-3.4.5.jar:/Users/tsalm/.m2/repository/ch/qos/logback/logback-classic/1.5.18/logback-classic-1.5.18.jar:/Users/tsalm/.m2/repository/ch/qos/logback/logback-core/1.5.18/logback-core-1.5.18.jar:/Users/tsalm/.m2/repository/org/apache/logging/log4j/log4j-to-slf4j/2.24.3/log4j-to-slf4j-2.24.3.jar:/Users/tsalm/.m2/repository/org/apache/logging/log4j/log4j-api/2.24.3/log4j-api-2.24.3.jar:/Users/tsalm/.m2/repository/org/slf4j/jul-to-slf4j/2.0.17/jul-to-slf4j-2.0.17.jar:/Users/tsalm/.m2/repository/jakarta/annotation/jakarta.annotation-api/2.1.1/jakarta.annotation-api-2.1.1.jar:/Users/tsalm/.m2/repository/org/yaml/snakeyaml/2.3/snakeyaml-2.3.jar:/Users/tsalm/.m2/repository/org/springframework/boot/spring-boot-actuator-autoconfigure/3.4.5/spring-boot-actuator-autoconfigure-3.4.5.jar:/Users/tsalm/.m2/repository/org/springframework/boot/spring-boot-actuator/3.4.5/spring-boot-actuator-3.4.5.jar:/Users/tsalm/.m2/repository/com/fasterxml/jackson/datatype/jackson-datatype-jsr310/2.18.3/jackson-datatype-jsr310-2.18.3.jar:/Users/tsalm/.m2/repository/io/micrometer/micrometer-observation/1.14.6/micrometer-observation-1.14.6.jar:/Users/tsalm/.m2/repository/io/micrometer/micrometer-commons/1.14.6/micrometer-commons-1.14.6.jar:/Users/tsalm/.m2/repository/io/micrometer/micrometer-jakarta9/1.14.6/micrometer-jakarta9-1.14.6.jar:/Users/tsalm/.m2/repository/io/micrometer/micrometer-core/1.14.6/micrometer-core-1.14.6.jar:/Users/tsalm/.m2/repository/org/hdrhistogram/HdrHistogram/2.2.2/HdrHistogram-2.2.2.jar:/Users/tsalm/.m2/repository/org/latencyutils/LatencyUtils/2.0.3/LatencyUtils-2.0.3.jar:/Users/tsalm/.m2/repository/org/springframework/cloud/spring-cloud-starter-stream-rabbit/4.2.1/spring-cloud-starter-stream-rabbit-4.2.1.jar:/Users/tsalm/.m2/repository/org/springframework/cloud/spring-cloud-stream-binder-rabbit/4.2.1/spring-cloud-stream-binder-rabbit-4.2.1.jar:/Users/tsalm/.m2/repository/org/springframework/cloud/spring-cloud-stream-binder-rabbit-core/4.2.1/spring-cloud-stream-binder-rabbit-core-4.2.1.jar:/Users/tsalm/.m2/repository/org/springframework/boot/spring-boot-starter-webflux/3.4.5/spring-boot-starter-webflux-3.4.5.jar:/Users/tsalm/.m2/repository/org/springframework/boot/spring-boot-starter-json/3.4.5/spring-boot-starter-json-3.4.5.jar:/Users/tsalm/.m2/repository/com/fasterxml/jackson/datatype/jackson-datatype-jdk8/2.18.3/jackson-datatype-jdk8-2.18.3.jar:/Users/tsalm/.m2/repository/com/fasterxml/jackson/module/jackson-module-parameter-names/2.18.3/jackson-module-parameter-names-2.18.3.jar:/Users/tsalm/.m2/repository/org/springframework/boot/spring-boot-starter-reactor-netty/3.4.5/spring-boot-starter-reactor-netty-3.4.5.jar:/Users/tsalm/.m2/repository/org/springframework/spring-webflux/6.2.6/spring-webflux-6.2.6.jar:/Users/tsalm/.m2/repository/io/projectreactor/netty/reactor-netty/1.2.5/reactor-netty-1.2.5.jar:/Users/tsalm/.m2/repository/io/projectreactor/netty/reactor-netty-core/1.2.5/reactor-netty-core-1.2.5.jar:/Users/tsalm/.m2/repository/io/netty/netty-handler/4.1.119.Final/netty-handler-4.1.119.Final.jar:/Users/tsalm/.m2/repository/io/netty/netty-common/4.1.119.Final/netty-common-4.1.119.Final.jar:/Users/tsalm/.m2/repository/io/netty/netty-resolver/4.1.119.Final/netty-resolver-4.1.119.Final.jar:/Users/tsalm/.m2/repository/io/netty/netty-buffer/4.1.119.Final/netty-buffer-4.1.119.Final.jar:/Users/tsalm/.m2/repository/io/netty/netty-transport/4.1.119.Final/netty-transport-4.1.119.Final.jar:/Users/tsalm/.m2/repository/io/netty/netty-transport-native-unix-common/4.1.119.Final/netty-transport-native-unix-common-4.1.119.Final.jar:/Users/tsalm/.m2/repository/io/netty/netty-codec/4.1.119.Final/netty-codec-4.1.119.Final.jar:/Users/tsalm/.m2/repository/io/netty/netty-handler-proxy/4.1.119.Final/netty-handler-proxy-4.1.119.Final.jar:/Users/tsalm/.m2/repository/io/netty/netty-codec-socks/4.1.119.Final/netty-codec-socks-4.1.119.Final.jar:/Users/tsalm/.m2/repository/io/netty/netty-resolver-dns/4.1.119.Final/netty-resolver-dns-4.1.119.Final.jar:/Users/tsalm/.m2/repository/io/netty/netty-codec-dns/4.1.119.Final/netty-codec-dns-4.1.119.Final.jar:/Users/tsalm/.m2/repository/io/netty/netty-resolver-dns-native-macos/4.1.119.Final/netty-resolver-dns-native-macos-4.1.119.Final-osx-x86_64.jar:/Users/tsalm/.m2/repository/io/netty/netty-resolver-dns-classes-macos/4.1.119.Final/netty-resolver-dns-classes-macos-4.1.119.Final.jar:/Users/tsalm/.m2/repository/io/netty/netty-transport-native-epoll/4.1.119.Final/netty-transport-native-epoll-4.1.119.Final-linux-x86_64.jar:/Users/tsalm/.m2/repository/io/netty/netty-transport-classes-epoll/4.1.119.Final/netty-transport-classes-epoll-4.1.119.Final.jar:/Users/tsalm/.m2/repository/io/projectreactor/netty/reactor-netty-http/1.2.5/reactor-netty-http-1.2.5.jar:/Users/tsalm/.m2/repository/io/netty/netty-codec-http/4.1.119.Final/netty-codec-http-4.1.119.Final.jar:/Users/tsalm/.m2/repository/io/netty/netty-codec-http2/4.1.119.Final/netty-codec-http2-4.1.119.Final.jar:/Users/tsalm/.m2/repository/io/projectreactor/netty/incubator/reactor-netty-incubator-quic/0.2.5/reactor-netty-incubator-quic-0.2.5.jar:/Users/tsalm/.m2/repository/io/netty/incubator/netty-incubator-codec-native-quic/0.0.71.Final/netty-incubator-codec-native-quic-0.0.71.Final-linux-x86_64.jar:/Users/tsalm/.m2/repository/io/netty/incubator/netty-incubator-codec-classes-quic/0.0.71.Final/netty-incubator-codec-classes-quic-0.0.71.Final.jar:/Users/tsalm/.m2/repository/org/springframework/boot/spring-boot-starter-amqp/3.4.5/spring-boot-starter-amqp-3.4.5.jar:/Users/tsalm/.m2/repository/org/springframework/amqp/spring-rabbit/3.2.5/spring-rabbit-3.2.5.jar:/Users/tsalm/.m2/repository/org/springframework/amqp/spring-amqp/3.2.5/spring-amqp-3.2.5.jar:/Users/tsalm/.m2/repository/com/rabbitmq/amqp-client/5.22.0/amqp-client-5.22.0.jar:/Users/tsalm/.m2/repository/org/springframework/integration/spring-integration-amqp/6.4.4/spring-integration-amqp-6.4.4.jar:/Users/tsalm/.m2/repository/org/springframework/integration/spring-integration-core/6.4.4/spring-integration-core-6.4.4.jar:/Users/tsalm/.m2/repository/org/springframework/spring-aop/6.2.6/spring-aop-6.2.6.jar:/Users/tsalm/.m2/repository/org/springframework/spring-tx/6.2.6/spring-tx-6.2.6.jar:/Users/tsalm/.m2/repository/io/projectreactor/reactor-core/3.7.5/reactor-core-3.7.5.jar:/Users/tsalm/.m2/repository/org/reactivestreams/reactive-streams/1.0.4/reactive-streams-1.0.4.jar:/Users/tsalm/.m2/repository/org/springframework/integration/spring-integration-jmx/6.4.4/spring-integration-jmx-6.4.4.jar:/Users/tsalm/.m2/repository/org/apache/httpcomponents/httpclient/4.5.14/httpclient-4.5.14.jar:/Users/tsalm/.m2/repository/org/apache/httpcomponents/httpcore/4.4.16/httpcore-4.4.16.jar:/Users/tsalm/.m2/repository/commons-logging/commons-logging/1.2/commons-logging-1.2.jar:/Users/tsalm/.m2/repository/commons-codec/commons-codec/1.17.2/commons-codec-1.17.2.jar:/Users/tsalm/.m2/repository/org/springframework/cloud/spring-cloud-starter-config/4.2.1/spring-cloud-starter-config-4.2.1.jar:/Users/tsalm/.m2/repository/org/springframework/cloud/spring-cloud-starter/4.2.1/spring-cloud-starter-4.2.1.jar:/Users/tsalm/.m2/repository/org/springframework/cloud/spring-cloud-context/4.2.1/spring-cloud-context-4.2.1.jar:/Users/tsalm/.m2/repository/org/springframework/security/spring-security-crypto/6.4.5/spring-security-crypto-6.4.5.jar:/Users/tsalm/.m2/repository/org/springframework/cloud/spring-cloud-commons/4.2.1/spring-cloud-commons-4.2.1.jar:/Users/tsalm/.m2/repository/org/bouncycastle/bcprov-jdk18on/1.78.1/bcprov-jdk18on-1.78.1.jar:/Users/tsalm/.m2/repository/org/springframework/cloud/spring-cloud-config-client/4.2.1/spring-cloud-config-client-4.2.1.jar:/Users/tsalm/.m2/repository/org/springframework/spring-web/6.2.6/spring-web-6.2.6.jar:/Users/tsalm/.m2/repository/org/springframework/spring-beans/6.2.6/spring-beans-6.2.6.jar:/Users/tsalm/.m2/repository/com/fasterxml/jackson/core/jackson-annotations/2.18.3/jackson-annotations-2.18.3.jar:/Users/tsalm/.m2/repository/org/apache/httpcomponents/client5/httpclient5/5.4.3/httpclient5-5.4.3.jar:/Users/tsalm/.m2/repository/org/apache/httpcomponents/core5/httpcore5/5.3.4/httpcore5-5.3.4.jar:/Users/tsalm/.m2/repository/org/apache/httpcomponents/core5/httpcore5-h2/5.3.4/httpcore5-h2-5.3.4.jar:/Users/tsalm/.m2/repository/com/fasterxml/jackson/core/jackson-databind/2.18.3/jackson-databind-2.18.3.jar:/Users/tsalm/.m2/repository/com/fasterxml/jackson/core/jackson-core/2.18.3/jackson-core-2.18.3.jar:/Users/tsalm/.m2/repository/org/springframework/cloud/spring-cloud-starter-netflix-eureka-client/4.2.1/spring-cloud-starter-netflix-eureka-client-4.2.1.jar:/Users/tsalm/.m2/repository/org/springframework/cloud/spring-cloud-netflix-eureka-client/4.2.1/spring-cloud-netflix-eureka-client-4.2.1.jar:/Users/tsalm/.m2/repository/com/netflix/eureka/eureka-client/2.0.4/eureka-client-2.0.4.jar:/Users/tsalm/.m2/repository/com/thoughtworks/xstream/xstream/1.4.20/xstream-1.4.20.jar:/Users/tsalm/.m2/repository/io/github/x-stream/mxparser/1.2.2/mxparser-1.2.2.jar:/Users/tsalm/.m2/repository/xmlpull/xmlpull/1.1.3.1/xmlpull-1.1.3.1.jar:/Users/tsalm/.m2/repository/jakarta/ws/rs/jakarta.ws.rs-api/3.1.0/jakarta.ws.rs-api-3.1.0.jar:/Users/tsalm/.m2/repository/jakarta/inject/jakarta.inject-api/2.0.1/jakarta.inject-api-2.0.1.jar:/Users/tsalm/.m2/repository/com/netflix/spectator/spectator-api/1.7.3/spectator-api-1.7.3.jar:/Users/tsalm/.m2/repository/commons-configuration/commons-configuration/1.10/commons-configuration-1.10.jar:/Users/tsalm/.m2/repository/commons-lang/commons-lang/2.6/commons-lang-2.6.jar:/Users/tsalm/.m2/repository/com/netflix/netflix-commons/netflix-eventbus/0.3.0/netflix-eventbus-0.3.0.jar:/Users/tsalm/.m2/repository/com/netflix/netflix-commons/netflix-infix/0.3.0/netflix-infix-0.3.0.jar:/Users/tsalm/.m2/repository/commons-jxpath/commons-jxpath/1.3/commons-jxpath-1.3.jar:/Users/tsalm/.m2/repository/joda-time/joda-time/2.3/joda-time-2.3.jar:/Users/tsalm/.m2/repository/org/antlr/antlr-runtime/3.4/antlr-runtime-3.4.jar:/Users/tsalm/.m2/repository/org/antlr/stringtemplate/3.2.1/stringtemplate-3.2.1.jar:/Users/tsalm/.m2/repository/antlr/antlr/2.7.7/antlr-2.7.7.jar:/Users/tsalm/.m2/repository/com/google/guava/guava/14.0.1/guava-14.0.1.jar:/Users/tsalm/.m2/repository/com/google/code/gson/gson/2.11.0/gson-2.11.0.jar:/Users/tsalm/.m2/repository/com/google/errorprone/error_prone_annotations/2.27.0/error_prone_annotations-2.27.0.jar:/Users/tsalm/.m2/repository/com/netflix/servo/servo-core/0.5.3/servo-core-0.5.3.jar:/Users/tsalm/.m2/repository/org/apache/commons/commons-math/2.2/commons-math-2.2.jar:/Users/tsalm/.m2/repository/javax/annotation/javax.annotation-api/1.2/javax.annotation-api-1.2.jar:/Users/tsalm/.m2/repository/org/codehaus/jettison/jettison/1.5.4/jettison-1.5.4.jar:/Users/tsalm/.m2/repository/org/springframework/cloud/spring-cloud-starter-loadbalancer/4.2.1/spring-cloud-starter-loadbalancer-4.2.1.jar:/Users/tsalm/.m2/repository/org/springframework/cloud/spring-cloud-loadbalancer/4.2.1/spring-cloud-loadbalancer-4.2.1.jar:/Users/tsalm/.m2/repository/io/projectreactor/addons/reactor-extra/3.5.2/reactor-extra-3.5.2.jar:/Users/tsalm/.m2/repository/org/springframework/boot/spring-boot-starter-cache/3.4.5/spring-boot-starter-cache-3.4.5.jar:/Users/tsalm/.m2/repository/org/springframework/spring-context-support/6.2.6/spring-context-support-6.2.6.jar:/Users/tsalm/.m2/repository/com/stoyanr/evictor/1.0.0/evictor-1.0.0.jar:/Users/tsalm/.m2/repository/io/micrometer/micrometer-tracing-bridge-otel/1.4.5/micrometer-tracing-bridge-otel-1.4.5.jar:/Users/tsalm/.m2/repository/io/micrometer/micrometer-tracing/1.4.5/micrometer-tracing-1.4.5.jar:/Users/tsalm/.m2/repository/io/micrometer/context-propagation/1.1.3/context-propagation-1.1.3.jar:/Users/tsalm/.m2/repository/aopalliance/aopalliance/1.0/aopalliance-1.0.jar:/Users/tsalm/.m2/repository/org/slf4j/slf4j-api/2.0.17/slf4j-api-2.0.17.jar:/Users/tsalm/.m2/repository/io/opentelemetry/opentelemetry-api/1.43.0/opentelemetry-api-1.43.0.jar:/Users/tsalm/.m2/repository/io/opentelemetry/opentelemetry-context/1.43.0/opentelemetry-context-1.43.0.jar:/Users/tsalm/.m2/repository/io/opentelemetry/semconv/opentelemetry-semconv/1.25.0-alpha/opentelemetry-semconv-1.25.0-alpha.jar:/Users/tsalm/.m2/repository/io/opentelemetry/opentelemetry-sdk-common/1.43.0/opentelemetry-sdk-common-1.43.0.jar:/Users/tsalm/.m2/repository/io/opentelemetry/opentelemetry-sdk-trace/1.43.0/opentelemetry-sdk-trace-1.43.0.jar:/Users/tsalm/.m2/repository/io/opentelemetry/opentelemetry-api-incubator/1.43.0-alpha/opentelemetry-api-incubator-1.43.0-alpha.jar:/Users/tsalm/.m2/repository/io/opentelemetry/opentelemetry-sdk/1.43.0/opentelemetry-sdk-1.43.0.jar:/Users/tsalm/.m2/repository/io/opentelemetry/opentelemetry-sdk-metrics/1.43.0/opentelemetry-sdk-metrics-1.43.0.jar:/Users/tsalm/.m2/repository/io/opentelemetry/opentelemetry-sdk-logs/1.43.0/opentelemetry-sdk-logs-1.43.0.jar:/Users/tsalm/.m2/repository/io/opentelemetry/instrumentation/opentelemetry-instrumentation-api-incubator/2.9.0-alpha/opentelemetry-instrumentation-api-incubator-2.9.0-alpha.jar:/Users/tsalm/.m2/repository/io/opentelemetry/instrumentation/opentelemetry-instrumentation-api/2.9.0/opentelemetry-instrumentation-api-2.9.0.jar:/Users/tsalm/.m2/repository/io/opentelemetry/opentelemetry-extension-trace-propagators/1.43.0/opentelemetry-extension-trace-propagators-1.43.0.jar:/Users/tsalm/.m2/repository/io/opentelemetry/opentelemetry-exporter-zipkin/1.43.0/opentelemetry-exporter-zipkin-1.43.0.jar:/Users/tsalm/.m2/repository/io/zipkin/reporter2/zipkin-reporter/3.4.3/zipkin-reporter-3.4.3.jar:/Users/tsalm/.m2/repository/io/zipkin/zipkin2/zipkin/2.27.1/zipkin-2.27.1.jar:/Users/tsalm/.m2/repository/io/opentelemetry/opentelemetry-exporter-common/1.43.0/opentelemetry-exporter-common-1.43.0.jar:/Users/tsalm/.m2/repository/io/opentelemetry/opentelemetry-sdk-extension-autoconfigure-spi/1.43.0/opentelemetry-sdk-extension-autoconfigure-spi-1.43.0.jar:/Users/tsalm/.m2/repository/io/zipkin/reporter2/zipkin-sender-okhttp3/3.4.3/zipkin-sender-okhttp3-3.4.3.jar:/Users/tsalm/.m2/repository/com/squareup/okhttp3/okhttp/4.12.0/okhttp-4.12.0.jar:/Users/tsalm/.m2/repository/com/squareup/okio/okio/3.6.0/okio-3.6.0.jar:/Users/tsalm/.m2/repository/com/squareup/okio/okio-jvm/3.6.0/okio-jvm-3.6.0.jar:/Users/tsalm/.m2/repository/org/jetbrains/kotlin/kotlin-stdlib-common/1.9.25/kotlin-stdlib-common-1.9.25.jar:/Users/tsalm/.m2/repository/org/jetbrains/kotlin/kotlin-stdlib-jdk8/1.9.25/kotlin-stdlib-jdk8-1.9.25.jar:/Users/tsalm/.m2/repository/org/jetbrains/kotlin/kotlin-stdlib/1.9.25/kotlin-stdlib-1.9.25.jar:/Users/tsalm/.m2/repository/org/jetbrains/annotations/13.0/annotations-13.0.jar:/Users/tsalm/.m2/repository/org/jetbrains/kotlin/kotlin-stdlib-jdk7/1.9.25/kotlin-stdlib-jdk7-1.9.25.jar:/Users/tsalm/.m2/repository/org/springframework/boot/spring-boot-starter-test/3.4.5/spring-boot-starter-test-3.4.5.jar:/Users/tsalm/.m2/repository/org/springframework/boot/spring-boot-test/3.4.5/spring-boot-test-3.4.5.jar:/Users/tsalm/.m2/repository/org/springframework/boot/spring-boot-test-autoconfigure/3.4.5/spring-boot-test-autoconfigure-3.4.5.jar:/Users/tsalm/.m2/repository/com/jayway/jsonpath/json-path/2.9.0/json-path-2.9.0.jar:/Users/tsalm/.m2/repository/jakarta/xml/bind/jakarta.xml.bind-api/4.0.2/jakarta.xml.bind-api-4.0.2.jar:/Users/tsalm/.m2/repository/jakarta/activation/jakarta.activation-api/2.1.3/jakarta.activation-api-2.1.3.jar:/Users/tsalm/.m2/repository/net/minidev/json-smart/2.5.2/json-smart-2.5.2.jar:/Users/tsalm/.m2/repository/net/minidev/accessors-smart/2.5.2/accessors-smart-2.5.2.jar:/Users/tsalm/.m2/repository/org/ow2/asm/asm/9.7.1/asm-9.7.1.jar:/Users/tsalm/.m2/repository/org/assertj/assertj-core/3.26.3/assertj-core-3.26.3.jar:/Users/tsalm/.m2/repository/net/bytebuddy/byte-buddy/1.15.11/byte-buddy-1.15.11.jar:/Users/tsalm/.m2/repository/org/awaitility/awaitility/4.2.2/awaitility-4.2.2.jar:/Users/tsalm/.m2/repository/org/hamcrest/hamcrest/2.2/hamcrest-2.2.jar:/Users/tsalm/.m2/repository/org/junit/jupiter/junit-jupiter/5.11.4/junit-jupiter-5.11.4.jar:/Users/tsalm/.m2/repository/org/junit/jupiter/junit-jupiter-api/5.11.4/junit-jupiter-api-5.11.4.jar:/Users/tsalm/.m2/repository/org/opentest4j/opentest4j/1.3.0/opentest4j-1.3.0.jar:/Users/tsalm/.m2/repository/org/junit/platform/junit-platform-commons/1.11.4/junit-platform-commons-1.11.4.jar:/Users/tsalm/.m2/repository/org/apiguardian/apiguardian-api/1.1.2/apiguardian-api-1.1.2.jar:/Users/tsalm/.m2/repository/org/junit/jupiter/junit-jupiter-params/5.11.4/junit-jupiter-params-5.11.4.jar:/Users/tsalm/.m2/repository/org/junit/jupiter/junit-jupiter-engine/5.11.4/junit-jupiter-engine-5.11.4.jar:/Users/tsalm/.m2/repository/org/junit/platform/junit-platform-engine/1.11.4/junit-platform-engine-1.11.4.jar:/Users/tsalm/.m2/repository/org/mockito/mockito-core/5.14.2/mockito-core-5.14.2.jar:/Users/tsalm/.m2/repository/net/bytebuddy/byte-buddy-agent/1.15.11/byte-buddy-agent-1.15.11.jar:/Users/tsalm/.m2/repository/org/objenesis/objenesis/3.3/objenesis-3.3.jar:/Users/tsalm/.m2/repository/org/mockito/mockito-junit-jupiter/5.14.2/mockito-junit-jupiter-5.14.2.jar:/Users/tsalm/.m2/repository/org/skyscreamer/jsonassert/1.5.3/jsonassert-1.5.3.jar:/Users/tsalm/.m2/repository/com/vaadin/external/google/android-json/0.0.20131108.vaadin1/android-json-0.0.20131108.vaadin1.jar:/Users/tsalm/.m2/repository/org/springframework/spring-core/6.2.6/spring-core-6.2.6.jar:/Users/tsalm/.m2/repository/org/springframework/spring-jcl/6.2.6/spring-jcl-6.2.6.jar:/Users/tsalm/.m2/repository/org/springframework/spring-test/6.2.6/spring-test-6.2.6.jar:/Users/tsalm/.m2/repository/org/xmlunit/xmlunit-core/2.10.0/xmlunit-core-2.10.0.jar:/Users/tsalm/.m2/repository/org/springframework/cloud/spring-cloud-stream-test-binder/4.2.1/spring-cloud-stream-test-binder-4.2.1.jar:/Users/tsalm/.m2/repository/org/springframework/cloud/spring-cloud-stream/4.2.1/spring-cloud-stream-4.2.1.jar:/Users/tsalm/.m2/repository/org/springframework/boot/spring-boot-starter-validation/3.4.5/spring-boot-starter-validation-3.4.5.jar:/Users/tsalm/.m2/repository/org/apache/tomcat/embed/tomcat-embed-el/10.1.40/tomcat-embed-el-10.1.40.jar:/Users/tsalm/.m2/repository/org/hibernate/validator/hibernate-validator/8.0.2.Final/hibernate-validator-8.0.2.Final.jar:/Users/tsalm/.m2/repository/jakarta/validation/jakarta.validation-api/3.0.2/jakarta.validation-api-3.0.2.jar:/Users/tsalm/.m2/repository/org/jboss/logging/jboss-logging/3.6.1.Final/jboss-logging-3.6.1.Final.jar:/Users/tsalm/.m2/repository/com/fasterxml/classmate/1.7.0/classmate-1.7.0.jar:/Users/tsalm/.m2/repository/org/springframework/spring-messaging/6.2.6/spring-messaging-6.2.6.jar:/Users/tsalm/.m2/repository/org/springframework/retry/spring-retry/2.0.11/spring-retry-2.0.11.jar:/Users/tsalm/.m2/repository/org/springframework/cloud/spring-cloud-function-context/4.2.2/spring-cloud-function-context-4.2.2.jar:/Users/tsalm/.m2/repository/org/springframework/cloud/spring-cloud-function-core/4.2.2/spring-cloud-function-core-4.2.2.jar:/Users/tsalm/.m2/repository/com/fasterxml/jackson/datatype/jackson-datatype-joda/2.18.3/jackson-datatype-joda-2.18.3.jar:"/>
    <property name="java.vm.vendor" value="BellSoft"/>
    <property name="sun.arch.data.model" value="64"/>
    <property name="java.vendor.url" value="https://bell-sw.com/"/>
    <property name="user.timezone" value="Europe/Madrid"/>
    <property name="org.jboss.logging.provider" value="slf4j"/>
    <property name="spring-boot.build-image.imagePlatform" value="linux/arm64"/>
    <property name="os.name" value="Mac OS X"/>
    <property name="java.vm.specification.version" value="21"/>
    <property name="sun.java.launcher" value="SUN_STANDARD"/>
    <property name="user.country" value="DE"/>
    <property name="sun.boot.library.path" value="/Users/tsalm/.sdkman/candidates/java/21.0.2-librca/lib"/>
    <property name="sun.java.command" value="/Users/tsalm/Documents/Sourcecode/modern-app-arch-spring-cloud/shipping-service/target/surefire/surefirebooter-20250523011940890_13.jar /Users/tsalm/Documents/Sourcecode/modern-app-arch-spring-cloud/shipping-service/target/surefire 2025-05-23T01-19-19_645-jvmRun1 surefire-20250523011940890_11tmp surefire_2-20250523011940890_12tmp"/>
    <property name="jdk.debug" value="release"/>
    <property name="surefire.test.class.path" value="/Users/tsalm/Documents/Sourcecode/modern-app-arch-spring-cloud/shipping-service/target/test-classes:/Users/tsalm/Documents/Sourcecode/modern-app-arch-spring-cloud/shipping-service/target/classes:/Users/tsalm/.m2/repository/org/springframework/boot/spring-boot-starter-actuator/3.4.5/spring-boot-starter-actuator-3.4.5.jar:/Users/tsalm/.m2/repository/org/springframework/boot/spring-boot-starter/3.4.5/spring-boot-starter-3.4.5.jar:/Users/tsalm/.m2/repository/org/springframework/boot/spring-boot/3.4.5/spring-boot-3.4.5.jar:/Users/tsalm/.m2/repository/org/springframework/spring-context/6.2.6/spring-context-6.2.6.jar:/Users/tsalm/.m2/repository/org/springframework/spring-expression/6.2.6/spring-expression-6.2.6.jar:/Users/tsalm/.m2/repository/org/springframework/boot/spring-boot-autoconfigure/3.4.5/spring-boot-autoconfigure-3.4.5.jar:/Users/tsalm/.m2/repository/org/springframework/boot/spring-boot-starter-logging/3.4.5/spring-boot-starter-logging-3.4.5.jar:/Users/tsalm/.m2/repository/ch/qos/logback/logback-classic/1.5.18/logback-classic-1.5.18.jar:/Users/tsalm/.m2/repository/ch/qos/logback/logback-core/1.5.18/logback-core-1.5.18.jar:/Users/tsalm/.m2/repository/org/apache/logging/log4j/log4j-to-slf4j/2.24.3/log4j-to-slf4j-2.24.3.jar:/Users/tsalm/.m2/repository/org/apache/logging/log4j/log4j-api/2.24.3/log4j-api-2.24.3.jar:/Users/tsalm/.m2/repository/org/slf4j/jul-to-slf4j/2.0.17/jul-to-slf4j-2.0.17.jar:/Users/tsalm/.m2/repository/jakarta/annotation/jakarta.annotation-api/2.1.1/jakarta.annotation-api-2.1.1.jar:/Users/tsalm/.m2/repository/org/yaml/snakeyaml/2.3/snakeyaml-2.3.jar:/Users/tsalm/.m2/repository/org/springframework/boot/spring-boot-actuator-autoconfigure/3.4.5/spring-boot-actuator-autoconfigure-3.4.5.jar:/Users/tsalm/.m2/repository/org/springframework/boot/spring-boot-actuator/3.4.5/spring-boot-actuator-3.4.5.jar:/Users/tsalm/.m2/repository/com/fasterxml/jackson/datatype/jackson-datatype-jsr310/2.18.3/jackson-datatype-jsr310-2.18.3.jar:/Users/tsalm/.m2/repository/io/micrometer/micrometer-observation/1.14.6/micrometer-observation-1.14.6.jar:/Users/tsalm/.m2/repository/io/micrometer/micrometer-commons/1.14.6/micrometer-commons-1.14.6.jar:/Users/tsalm/.m2/repository/io/micrometer/micrometer-jakarta9/1.14.6/micrometer-jakarta9-1.14.6.jar:/Users/tsalm/.m2/repository/io/micrometer/micrometer-core/1.14.6/micrometer-core-1.14.6.jar:/Users/tsalm/.m2/repository/org/hdrhistogram/HdrHistogram/2.2.2/HdrHistogram-2.2.2.jar:/Users/tsalm/.m2/repository/org/latencyutils/LatencyUtils/2.0.3/LatencyUtils-2.0.3.jar:/Users/tsalm/.m2/repository/org/springframework/cloud/spring-cloud-starter-stream-rabbit/4.2.1/spring-cloud-starter-stream-rabbit-4.2.1.jar:/Users/tsalm/.m2/repository/org/springframework/cloud/spring-cloud-stream-binder-rabbit/4.2.1/spring-cloud-stream-binder-rabbit-4.2.1.jar:/Users/tsalm/.m2/repository/org/springframework/cloud/spring-cloud-stream-binder-rabbit-core/4.2.1/spring-cloud-stream-binder-rabbit-core-4.2.1.jar:/Users/tsalm/.m2/repository/org/springframework/boot/spring-boot-starter-webflux/3.4.5/spring-boot-starter-webflux-3.4.5.jar:/Users/tsalm/.m2/repository/org/springframework/boot/spring-boot-starter-json/3.4.5/spring-boot-starter-json-3.4.5.jar:/Users/tsalm/.m2/repository/com/fasterxml/jackson/datatype/jackson-datatype-jdk8/2.18.3/jackson-datatype-jdk8-2.18.3.jar:/Users/tsalm/.m2/repository/com/fasterxml/jackson/module/jackson-module-parameter-names/2.18.3/jackson-module-parameter-names-2.18.3.jar:/Users/tsalm/.m2/repository/org/springframework/boot/spring-boot-starter-reactor-netty/3.4.5/spring-boot-starter-reactor-netty-3.4.5.jar:/Users/tsalm/.m2/repository/org/springframework/spring-webflux/6.2.6/spring-webflux-6.2.6.jar:/Users/tsalm/.m2/repository/io/projectreactor/netty/reactor-netty/1.2.5/reactor-netty-1.2.5.jar:/Users/tsalm/.m2/repository/io/projectreactor/netty/reactor-netty-core/1.2.5/reactor-netty-core-1.2.5.jar:/Users/tsalm/.m2/repository/io/netty/netty-handler/4.1.119.Final/netty-handler-4.1.119.Final.jar:/Users/tsalm/.m2/repository/io/netty/netty-common/4.1.119.Final/netty-common-4.1.119.Final.jar:/Users/tsalm/.m2/repository/io/netty/netty-resolver/4.1.119.Final/netty-resolver-4.1.119.Final.jar:/Users/tsalm/.m2/repository/io/netty/netty-buffer/4.1.119.Final/netty-buffer-4.1.119.Final.jar:/Users/tsalm/.m2/repository/io/netty/netty-transport/4.1.119.Final/netty-transport-4.1.119.Final.jar:/Users/tsalm/.m2/repository/io/netty/netty-transport-native-unix-common/4.1.119.Final/netty-transport-native-unix-common-4.1.119.Final.jar:/Users/tsalm/.m2/repository/io/netty/netty-codec/4.1.119.Final/netty-codec-4.1.119.Final.jar:/Users/tsalm/.m2/repository/io/netty/netty-handler-proxy/4.1.119.Final/netty-handler-proxy-4.1.119.Final.jar:/Users/tsalm/.m2/repository/io/netty/netty-codec-socks/4.1.119.Final/netty-codec-socks-4.1.119.Final.jar:/Users/tsalm/.m2/repository/io/netty/netty-resolver-dns/4.1.119.Final/netty-resolver-dns-4.1.119.Final.jar:/Users/tsalm/.m2/repository/io/netty/netty-codec-dns/4.1.119.Final/netty-codec-dns-4.1.119.Final.jar:/Users/tsalm/.m2/repository/io/netty/netty-resolver-dns-native-macos/4.1.119.Final/netty-resolver-dns-native-macos-4.1.119.Final-osx-x86_64.jar:/Users/tsalm/.m2/repository/io/netty/netty-resolver-dns-classes-macos/4.1.119.Final/netty-resolver-dns-classes-macos-4.1.119.Final.jar:/Users/tsalm/.m2/repository/io/netty/netty-transport-native-epoll/4.1.119.Final/netty-transport-native-epoll-4.1.119.Final-linux-x86_64.jar:/Users/tsalm/.m2/repository/io/netty/netty-transport-classes-epoll/4.1.119.Final/netty-transport-classes-epoll-4.1.119.Final.jar:/Users/tsalm/.m2/repository/io/projectreactor/netty/reactor-netty-http/1.2.5/reactor-netty-http-1.2.5.jar:/Users/tsalm/.m2/repository/io/netty/netty-codec-http/4.1.119.Final/netty-codec-http-4.1.119.Final.jar:/Users/tsalm/.m2/repository/io/netty/netty-codec-http2/4.1.119.Final/netty-codec-http2-4.1.119.Final.jar:/Users/tsalm/.m2/repository/io/projectreactor/netty/incubator/reactor-netty-incubator-quic/0.2.5/reactor-netty-incubator-quic-0.2.5.jar:/Users/tsalm/.m2/repository/io/netty/incubator/netty-incubator-codec-native-quic/0.0.71.Final/netty-incubator-codec-native-quic-0.0.71.Final-linux-x86_64.jar:/Users/tsalm/.m2/repository/io/netty/incubator/netty-incubator-codec-classes-quic/0.0.71.Final/netty-incubator-codec-classes-quic-0.0.71.Final.jar:/Users/tsalm/.m2/repository/org/springframework/boot/spring-boot-starter-amqp/3.4.5/spring-boot-starter-amqp-3.4.5.jar:/Users/tsalm/.m2/repository/org/springframework/amqp/spring-rabbit/3.2.5/spring-rabbit-3.2.5.jar:/Users/tsalm/.m2/repository/org/springframework/amqp/spring-amqp/3.2.5/spring-amqp-3.2.5.jar:/Users/tsalm/.m2/repository/com/rabbitmq/amqp-client/5.22.0/amqp-client-5.22.0.jar:/Users/tsalm/.m2/repository/org/springframework/integration/spring-integration-amqp/6.4.4/spring-integration-amqp-6.4.4.jar:/Users/tsalm/.m2/repository/org/springframework/integration/spring-integration-core/6.4.4/spring-integration-core-6.4.4.jar:/Users/tsalm/.m2/repository/org/springframework/spring-aop/6.2.6/spring-aop-6.2.6.jar:/Users/tsalm/.m2/repository/org/springframework/spring-tx/6.2.6/spring-tx-6.2.6.jar:/Users/tsalm/.m2/repository/io/projectreactor/reactor-core/3.7.5/reactor-core-3.7.5.jar:/Users/tsalm/.m2/repository/org/reactivestreams/reactive-streams/1.0.4/reactive-streams-1.0.4.jar:/Users/tsalm/.m2/repository/org/springframework/integration/spring-integration-jmx/6.4.4/spring-integration-jmx-6.4.4.jar:/Users/tsalm/.m2/repository/org/apache/httpcomponents/httpclient/4.5.14/httpclient-4.5.14.jar:/Users/tsalm/.m2/repository/org/apache/httpcomponents/httpcore/4.4.16/httpcore-4.4.16.jar:/Users/tsalm/.m2/repository/commons-logging/commons-logging/1.2/commons-logging-1.2.jar:/Users/tsalm/.m2/repository/commons-codec/commons-codec/1.17.2/commons-codec-1.17.2.jar:/Users/tsalm/.m2/repository/org/springframework/cloud/spring-cloud-starter-config/4.2.1/spring-cloud-starter-config-4.2.1.jar:/Users/tsalm/.m2/repository/org/springframework/cloud/spring-cloud-starter/4.2.1/spring-cloud-starter-4.2.1.jar:/Users/tsalm/.m2/repository/org/springframework/cloud/spring-cloud-context/4.2.1/spring-cloud-context-4.2.1.jar:/Users/tsalm/.m2/repository/org/springframework/security/spring-security-crypto/6.4.5/spring-security-crypto-6.4.5.jar:/Users/tsalm/.m2/repository/org/springframework/cloud/spring-cloud-commons/4.2.1/spring-cloud-commons-4.2.1.jar:/Users/tsalm/.m2/repository/org/bouncycastle/bcprov-jdk18on/1.78.1/bcprov-jdk18on-1.78.1.jar:/Users/tsalm/.m2/repository/org/springframework/cloud/spring-cloud-config-client/4.2.1/spring-cloud-config-client-4.2.1.jar:/Users/tsalm/.m2/repository/org/springframework/spring-web/6.2.6/spring-web-6.2.6.jar:/Users/tsalm/.m2/repository/org/springframework/spring-beans/6.2.6/spring-beans-6.2.6.jar:/Users/tsalm/.m2/repository/com/fasterxml/jackson/core/jackson-annotations/2.18.3/jackson-annotations-2.18.3.jar:/Users/tsalm/.m2/repository/org/apache/httpcomponents/client5/httpclient5/5.4.3/httpclient5-5.4.3.jar:/Users/tsalm/.m2/repository/org/apache/httpcomponents/core5/httpcore5/5.3.4/httpcore5-5.3.4.jar:/Users/tsalm/.m2/repository/org/apache/httpcomponents/core5/httpcore5-h2/5.3.4/httpcore5-h2-5.3.4.jar:/Users/tsalm/.m2/repository/com/fasterxml/jackson/core/jackson-databind/2.18.3/jackson-databind-2.18.3.jar:/Users/tsalm/.m2/repository/com/fasterxml/jackson/core/jackson-core/2.18.3/jackson-core-2.18.3.jar:/Users/tsalm/.m2/repository/org/springframework/cloud/spring-cloud-starter-netflix-eureka-client/4.2.1/spring-cloud-starter-netflix-eureka-client-4.2.1.jar:/Users/tsalm/.m2/repository/org/springframework/cloud/spring-cloud-netflix-eureka-client/4.2.1/spring-cloud-netflix-eureka-client-4.2.1.jar:/Users/tsalm/.m2/repository/com/netflix/eureka/eureka-client/2.0.4/eureka-client-2.0.4.jar:/Users/tsalm/.m2/repository/com/thoughtworks/xstream/xstream/1.4.20/xstream-1.4.20.jar:/Users/tsalm/.m2/repository/io/github/x-stream/mxparser/1.2.2/mxparser-1.2.2.jar:/Users/tsalm/.m2/repository/xmlpull/xmlpull/1.1.3.1/xmlpull-1.1.3.1.jar:/Users/tsalm/.m2/repository/jakarta/ws/rs/jakarta.ws.rs-api/3.1.0/jakarta.ws.rs-api-3.1.0.jar:/Users/tsalm/.m2/repository/jakarta/inject/jakarta.inject-api/2.0.1/jakarta.inject-api-2.0.1.jar:/Users/tsalm/.m2/repository/com/netflix/spectator/spectator-api/1.7.3/spectator-api-1.7.3.jar:/Users/tsalm/.m2/repository/commons-configuration/commons-configuration/1.10/commons-configuration-1.10.jar:/Users/tsalm/.m2/repository/commons-lang/commons-lang/2.6/commons-lang-2.6.jar:/Users/tsalm/.m2/repository/com/netflix/netflix-commons/netflix-eventbus/0.3.0/netflix-eventbus-0.3.0.jar:/Users/tsalm/.m2/repository/com/netflix/netflix-commons/netflix-infix/0.3.0/netflix-infix-0.3.0.jar:/Users/tsalm/.m2/repository/commons-jxpath/commons-jxpath/1.3/commons-jxpath-1.3.jar:/Users/tsalm/.m2/repository/joda-time/joda-time/2.3/joda-time-2.3.jar:/Users/tsalm/.m2/repository/org/antlr/antlr-runtime/3.4/antlr-runtime-3.4.jar:/Users/tsalm/.m2/repository/org/antlr/stringtemplate/3.2.1/stringtemplate-3.2.1.jar:/Users/tsalm/.m2/repository/antlr/antlr/2.7.7/antlr-2.7.7.jar:/Users/tsalm/.m2/repository/com/google/guava/guava/14.0.1/guava-14.0.1.jar:/Users/tsalm/.m2/repository/com/google/code/gson/gson/2.11.0/gson-2.11.0.jar:/Users/tsalm/.m2/repository/com/google/errorprone/error_prone_annotations/2.27.0/error_prone_annotations-2.27.0.jar:/Users/tsalm/.m2/repository/com/netflix/servo/servo-core/0.5.3/servo-core-0.5.3.jar:/Users/tsalm/.m2/repository/org/apache/commons/commons-math/2.2/commons-math-2.2.jar:/Users/tsalm/.m2/repository/javax/annotation/javax.annotation-api/1.2/javax.annotation-api-1.2.jar:/Users/tsalm/.m2/repository/org/codehaus/jettison/jettison/1.5.4/jettison-1.5.4.jar:/Users/tsalm/.m2/repository/org/springframework/cloud/spring-cloud-starter-loadbalancer/4.2.1/spring-cloud-starter-loadbalancer-4.2.1.jar:/Users/tsalm/.m2/repository/org/springframework/cloud/spring-cloud-loadbalancer/4.2.1/spring-cloud-loadbalancer-4.2.1.jar:/Users/tsalm/.m2/repository/io/projectreactor/addons/reactor-extra/3.5.2/reactor-extra-3.5.2.jar:/Users/tsalm/.m2/repository/org/springframework/boot/spring-boot-starter-cache/3.4.5/spring-boot-starter-cache-3.4.5.jar:/Users/tsalm/.m2/repository/org/springframework/spring-context-support/6.2.6/spring-context-support-6.2.6.jar:/Users/tsalm/.m2/repository/com/stoyanr/evictor/1.0.0/evictor-1.0.0.jar:/Users/tsalm/.m2/repository/io/micrometer/micrometer-tracing-bridge-otel/1.4.5/micrometer-tracing-bridge-otel-1.4.5.jar:/Users/tsalm/.m2/repository/io/micrometer/micrometer-tracing/1.4.5/micrometer-tracing-1.4.5.jar:/Users/tsalm/.m2/repository/io/micrometer/context-propagation/1.1.3/context-propagation-1.1.3.jar:/Users/tsalm/.m2/repository/aopalliance/aopalliance/1.0/aopalliance-1.0.jar:/Users/tsalm/.m2/repository/org/slf4j/slf4j-api/2.0.17/slf4j-api-2.0.17.jar:/Users/tsalm/.m2/repository/io/opentelemetry/opentelemetry-api/1.43.0/opentelemetry-api-1.43.0.jar:/Users/tsalm/.m2/repository/io/opentelemetry/opentelemetry-context/1.43.0/opentelemetry-context-1.43.0.jar:/Users/tsalm/.m2/repository/io/opentelemetry/semconv/opentelemetry-semconv/1.25.0-alpha/opentelemetry-semconv-1.25.0-alpha.jar:/Users/tsalm/.m2/repository/io/opentelemetry/opentelemetry-sdk-common/1.43.0/opentelemetry-sdk-common-1.43.0.jar:/Users/tsalm/.m2/repository/io/opentelemetry/opentelemetry-sdk-trace/1.43.0/opentelemetry-sdk-trace-1.43.0.jar:/Users/tsalm/.m2/repository/io/opentelemetry/opentelemetry-api-incubator/1.43.0-alpha/opentelemetry-api-incubator-1.43.0-alpha.jar:/Users/tsalm/.m2/repository/io/opentelemetry/opentelemetry-sdk/1.43.0/opentelemetry-sdk-1.43.0.jar:/Users/tsalm/.m2/repository/io/opentelemetry/opentelemetry-sdk-metrics/1.43.0/opentelemetry-sdk-metrics-1.43.0.jar:/Users/tsalm/.m2/repository/io/opentelemetry/opentelemetry-sdk-logs/1.43.0/opentelemetry-sdk-logs-1.43.0.jar:/Users/tsalm/.m2/repository/io/opentelemetry/instrumentation/opentelemetry-instrumentation-api-incubator/2.9.0-alpha/opentelemetry-instrumentation-api-incubator-2.9.0-alpha.jar:/Users/tsalm/.m2/repository/io/opentelemetry/instrumentation/opentelemetry-instrumentation-api/2.9.0/opentelemetry-instrumentation-api-2.9.0.jar:/Users/tsalm/.m2/repository/io/opentelemetry/opentelemetry-extension-trace-propagators/1.43.0/opentelemetry-extension-trace-propagators-1.43.0.jar:/Users/tsalm/.m2/repository/io/opentelemetry/opentelemetry-exporter-zipkin/1.43.0/opentelemetry-exporter-zipkin-1.43.0.jar:/Users/tsalm/.m2/repository/io/zipkin/reporter2/zipkin-reporter/3.4.3/zipkin-reporter-3.4.3.jar:/Users/tsalm/.m2/repository/io/zipkin/zipkin2/zipkin/2.27.1/zipkin-2.27.1.jar:/Users/tsalm/.m2/repository/io/opentelemetry/opentelemetry-exporter-common/1.43.0/opentelemetry-exporter-common-1.43.0.jar:/Users/tsalm/.m2/repository/io/opentelemetry/opentelemetry-sdk-extension-autoconfigure-spi/1.43.0/opentelemetry-sdk-extension-autoconfigure-spi-1.43.0.jar:/Users/tsalm/.m2/repository/io/zipkin/reporter2/zipkin-sender-okhttp3/3.4.3/zipkin-sender-okhttp3-3.4.3.jar:/Users/tsalm/.m2/repository/com/squareup/okhttp3/okhttp/4.12.0/okhttp-4.12.0.jar:/Users/tsalm/.m2/repository/com/squareup/okio/okio/3.6.0/okio-3.6.0.jar:/Users/tsalm/.m2/repository/com/squareup/okio/okio-jvm/3.6.0/okio-jvm-3.6.0.jar:/Users/tsalm/.m2/repository/org/jetbrains/kotlin/kotlin-stdlib-common/1.9.25/kotlin-stdlib-common-1.9.25.jar:/Users/tsalm/.m2/repository/org/jetbrains/kotlin/kotlin-stdlib-jdk8/1.9.25/kotlin-stdlib-jdk8-1.9.25.jar:/Users/tsalm/.m2/repository/org/jetbrains/kotlin/kotlin-stdlib/1.9.25/kotlin-stdlib-1.9.25.jar:/Users/tsalm/.m2/repository/org/jetbrains/annotations/13.0/annotations-13.0.jar:/Users/tsalm/.m2/repository/org/jetbrains/kotlin/kotlin-stdlib-jdk7/1.9.25/kotlin-stdlib-jdk7-1.9.25.jar:/Users/tsalm/.m2/repository/org/springframework/boot/spring-boot-starter-test/3.4.5/spring-boot-starter-test-3.4.5.jar:/Users/tsalm/.m2/repository/org/springframework/boot/spring-boot-test/3.4.5/spring-boot-test-3.4.5.jar:/Users/tsalm/.m2/repository/org/springframework/boot/spring-boot-test-autoconfigure/3.4.5/spring-boot-test-autoconfigure-3.4.5.jar:/Users/tsalm/.m2/repository/com/jayway/jsonpath/json-path/2.9.0/json-path-2.9.0.jar:/Users/tsalm/.m2/repository/jakarta/xml/bind/jakarta.xml.bind-api/4.0.2/jakarta.xml.bind-api-4.0.2.jar:/Users/tsalm/.m2/repository/jakarta/activation/jakarta.activation-api/2.1.3/jakarta.activation-api-2.1.3.jar:/Users/tsalm/.m2/repository/net/minidev/json-smart/2.5.2/json-smart-2.5.2.jar:/Users/tsalm/.m2/repository/net/minidev/accessors-smart/2.5.2/accessors-smart-2.5.2.jar:/Users/tsalm/.m2/repository/org/ow2/asm/asm/9.7.1/asm-9.7.1.jar:/Users/tsalm/.m2/repository/org/assertj/assertj-core/3.26.3/assertj-core-3.26.3.jar:/Users/tsalm/.m2/repository/net/bytebuddy/byte-buddy/1.15.11/byte-buddy-1.15.11.jar:/Users/tsalm/.m2/repository/org/awaitility/awaitility/4.2.2/awaitility-4.2.2.jar:/Users/tsalm/.m2/repository/org/hamcrest/hamcrest/2.2/hamcrest-2.2.jar:/Users/tsalm/.m2/repository/org/junit/jupiter/junit-jupiter/5.11.4/junit-jupiter-5.11.4.jar:/Users/tsalm/.m2/repository/org/junit/jupiter/junit-jupiter-api/5.11.4/junit-jupiter-api-5.11.4.jar:/Users/tsalm/.m2/repository/org/opentest4j/opentest4j/1.3.0/opentest4j-1.3.0.jar:/Users/tsalm/.m2/repository/org/junit/platform/junit-platform-commons/1.11.4/junit-platform-commons-1.11.4.jar:/Users/tsalm/.m2/repository/org/apiguardian/apiguardian-api/1.1.2/apiguardian-api-1.1.2.jar:/Users/tsalm/.m2/repository/org/junit/jupiter/junit-jupiter-params/5.11.4/junit-jupiter-params-5.11.4.jar:/Users/tsalm/.m2/repository/org/junit/jupiter/junit-jupiter-engine/5.11.4/junit-jupiter-engine-5.11.4.jar:/Users/tsalm/.m2/repository/org/junit/platform/junit-platform-engine/1.11.4/junit-platform-engine-1.11.4.jar:/Users/tsalm/.m2/repository/org/mockito/mockito-core/5.14.2/mockito-core-5.14.2.jar:/Users/tsalm/.m2/repository/net/bytebuddy/byte-buddy-agent/1.15.11/byte-buddy-agent-1.15.11.jar:/Users/tsalm/.m2/repository/org/objenesis/objenesis/3.3/objenesis-3.3.jar:/Users/tsalm/.m2/repository/org/mockito/mockito-junit-jupiter/5.14.2/mockito-junit-jupiter-5.14.2.jar:/Users/tsalm/.m2/repository/org/skyscreamer/jsonassert/1.5.3/jsonassert-1.5.3.jar:/Users/tsalm/.m2/repository/com/vaadin/external/google/android-json/0.0.20131108.vaadin1/android-json-0.0.20131108.vaadin1.jar:/Users/tsalm/.m2/repository/org/springframework/spring-core/6.2.6/spring-core-6.2.6.jar:/Users/tsalm/.m2/repository/org/springframework/spring-jcl/6.2.6/spring-jcl-6.2.6.jar:/Users/tsalm/.m2/repository/org/springframework/spring-test/6.2.6/spring-test-6.2.6.jar:/Users/tsalm/.m2/repository/org/xmlunit/xmlunit-core/2.10.0/xmlunit-core-2.10.0.jar:/Users/tsalm/.m2/repository/org/springframework/cloud/spring-cloud-stream-test-binder/4.2.1/spring-cloud-stream-test-binder-4.2.1.jar:/Users/tsalm/.m2/repository/org/springframework/cloud/spring-cloud-stream/4.2.1/spring-cloud-stream-4.2.1.jar:/Users/tsalm/.m2/repository/org/springframework/boot/spring-boot-starter-validation/3.4.5/spring-boot-starter-validation-3.4.5.jar:/Users/tsalm/.m2/repository/org/apache/tomcat/embed/tomcat-embed-el/10.1.40/tomcat-embed-el-10.1.40.jar:/Users/tsalm/.m2/repository/org/hibernate/validator/hibernate-validator/8.0.2.Final/hibernate-validator-8.0.2.Final.jar:/Users/tsalm/.m2/repository/jakarta/validation/jakarta.validation-api/3.0.2/jakarta.validation-api-3.0.2.jar:/Users/tsalm/.m2/repository/org/jboss/logging/jboss-logging/3.6.1.Final/jboss-logging-3.6.1.Final.jar:/Users/tsalm/.m2/repository/com/fasterxml/classmate/1.7.0/classmate-1.7.0.jar:/Users/tsalm/.m2/repository/org/springframework/spring-messaging/6.2.6/spring-messaging-6.2.6.jar:/Users/tsalm/.m2/repository/org/springframework/retry/spring-retry/2.0.11/spring-retry-2.0.11.jar:/Users/tsalm/.m2/repository/org/springframework/cloud/spring-cloud-function-context/4.2.2/spring-cloud-function-context-4.2.2.jar:/Users/tsalm/.m2/repository/org/springframework/cloud/spring-cloud-function-core/4.2.2/spring-cloud-function-core-4.2.2.jar:/Users/tsalm/.m2/repository/com/fasterxml/jackson/datatype/jackson-datatype-joda/2.18.3/jackson-datatype-joda-2.18.3.jar:"/>
    <property name="sun.cpu.endian" value="little"/>
    <property name="user.home" value="/Users/tsalm"/>
    <property name="user.language" value="de"/>
    <property name="java.specification.vendor" value="Oracle Corporation"/>
    <property name="java.version.date" value="2024-01-16"/>
    <property name="java.home" value="/Users/tsalm/.sdkman/candidates/java/21.0.2-librca"/>
    <property name="file.separator" value="/"/>
    <property name="basedir" value="/Users/tsalm/Documents/Sourcecode/modern-app-arch-spring-cloud/shipping-service"/>
    <property name="java.vm.compressedOopsMode" value="Zero based"/>
    <property name="line.separator" value="&#10;"/>
    <property name="java.vm.specification.vendor" value="Oracle Corporation"/>
    <property name="java.specification.name" value="Java Platform API Specification"/>
    <property name="FILE_LOG_CHARSET" value="UTF-8"/>
    <property name="java.awt.headless" value="true"/>
    <property name="apple.awt.application.name" value="ForkedBooter"/>
    <property name="surefire.real.class.path" value="/Users/tsalm/Documents/Sourcecode/modern-app-arch-spring-cloud/shipping-service/target/surefire/surefirebooter-20250523011940890_13.jar"/>
    <property name="sun.management.compiler" value="HotSpot 64-Bit Tiered Compilers"/>
    <property name="java.runtime.version" value="21.0.2+14-LTS"/>
    <property name="LOG_CORRELATION_PATTERN" value="%correlationId"/>
    <property name="user.name" value="tsalm"/>
    <property name="stdout.encoding" value="UTF-8"/>
    <property name="path.separator" value=":"/>
    <property name="os.version" value="15.4.1"/>
    <property name="java.runtime.name" value="OpenJDK Runtime Environment"/>
    <property name="file.encoding" value="UTF-8"/>
    <property name="java.vm.name" value="OpenJDK 64-Bit Server VM"/>
    <property name="localRepository" value="/Users/tsalm/.m2/repository"/>
    <property name="java.vendor.url.bug" value="https://bell-sw.com/support"/>
    <property name="java.io.tmpdir" value="/var/folders/tb/pjn1v24s79b4z7fd3pngk07w0000gq/T/"/>
    <property name="java.version" value="21.0.2"/>
    <property name="user.dir" value="/Users/tsalm/Documents/Sourcecode/modern-app-arch-spring-cloud/shipping-service"/>
    <property name="os.arch" value="aarch64"/>
    <property name="java.vm.specification.name" value="Java Virtual Machine Specification"/>
    <property name="PID" value="6933"/>
    <property name="CONSOLE_LOG_CHARSET" value="UTF-8"/>
    <property name="native.encoding" value="UTF-8"/>
    <property name="java.library.path" value="/Users/tsalm/Library/Java/Extensions:/Library/Java/Extensions:/Network/Library/Java/Extensions:/System/Library/Java/Extensions:/usr/lib/java:."/>
    <property name="java.vm.info" value="mixed mode, sharing"/>
    <property name="stderr.encoding" value="UTF-8"/>
    <property name="java.vendor" value="BellSoft"/>
    <property name="java.vm.version" value="21.0.2+14-LTS"/>
    <property name="spring.cloud.function.rsocket.enabled" value="false"/>
    <property name="sun.io.unicode.encoding" value="UnicodeBig"/>
    <property name="java.class.version" value="65.0"/>
  </properties>
  <testcase name="contextLoads" classname="com.example.shippingservice.ShippingServiceApplicationTest" time="0.427">
    <system-out><![CDATA[Standard Commons Logging discovery in action with spring-jcl: please remove commons-logging.jar from classpath in order to avoid potential conflicts
01:19:41.238 [main] INFO org.springframework.test.context.support.AnnotationConfigContextLoaderUtils -- Could not detect default configuration classes for test class [com.example.shippingservice.ShippingServiceApplicationTest]: ShippingServiceApplicationTest does not declare any static, non-private, non-final, nested classes annotated with @Configuration.
01:19:41.286 [main] INFO org.springframework.boot.test.context.SpringBootTestContextBootstrapper -- Found @SpringBootConfiguration com.example.shippingservice.ShippingServiceApplication for test class com.example.shippingservice.ShippingServiceApplicationTest

  .   ____          _            __ _ _
 /\\ / ___'_ __ _ _(_)_ __  __ _ \ \ \ \
( ( )\___ | '_ | '_| | '_ \/ _` | \ \ \ \
 \\/  ___)| |_)| | | | | || (_| |  ) ) ) )
  '  |____| .__|_| |_|_| |_\__, | / / / /
 =========|_|==============|___/=/_/_/_/

 :: Spring Boot ::                (v3.4.5)

2025-05-23T01:19:41.592+02:00  INFO 6933 --- [           main] [                                                 ] c.e.s.ShippingServiceApplicationTest     : Starting ShippingServiceApplicationTest using Java 21.0.2 with PID 6933 (started by tsalm in /Users/tsalm/Documents/Sourcecode/modern-app-arch-spring-cloud/shipping-service)
2025-05-23T01:19:41.593+02:00  INFO 6933 --- [           main] [                                                 ] c.e.s.ShippingServiceApplicationTest     : No active profile set, falling back to 1 default profile: "default"
2025-05-23T01:19:42.130+02:00  INFO 6933 --- [           main] [                                                 ] faultConfiguringBeanFactoryPostProcessor : No bean named 'errorChannel' has been explicitly defined. Therefore, a default PublishSubscribeChannel will be created.
2025-05-23T01:19:42.134+02:00  INFO 6933 --- [           main] [                                                 ] faultConfiguringBeanFactoryPostProcessor : No bean named 'integrationHeaderChannelRegistry' has been explicitly defined. Therefore, a default DefaultHeaderChannelRegistry will be created.
2025-05-23T01:19:42.161+02:00  INFO 6933 --- [           main] [                                                 ] o.s.cloud.context.scope.GenericScope     : BeanFactory id=514a4ffe-af67-3793-9970-8c87949331ec
2025-05-23T01:19:42.602+02:00  INFO 6933 --- [           main] [                                                 ] o.s.b.a.e.web.EndpointLinksResolver      : Exposing 1 endpoint beneath base path '/actuator'
2025-05-23T01:19:42.857+02:00  INFO 6933 --- [           main] [                                                 ] o.s.c.s.binder.DefaultBinderFactory      : Creating binder: rabbit
2025-05-23T01:19:42.857+02:00  INFO 6933 --- [           main] [                                                 ] o.s.c.s.binder.DefaultBinderFactory      : Constructing binder child context for rabbit
2025-05-23T01:19:42.912+02:00  INFO 6933 --- [           main] [                                                 ] o.s.c.s.binder.DefaultBinderFactory      : Caching the binder: rabbit
2025-05-23T01:19:42.915+02:00  INFO 6933 --- [           main] [                                                 ] o.s.c.s.m.DirectWithAttributesChannel    : Channel 'application.shipOrder-in-0' has 1 subscriber(s).
2025-05-23T01:19:43.043+02:00  INFO 6933 --- [           main] [                                                 ] DiscoveryClientOptionalArgsConfiguration : Eureka HTTP Client uses RestTemplate.
2025-05-23T01:19:43.071+02:00  WARN 6933 --- [           main] [                                                 ] iguration$LoadBalancerCaffeineWarnLogger : Spring Cloud LoadBalancer is currently working with the default cache. While this cache implementation is useful for development and tests, it's recommended to use Caffeine cache in production.You can switch to using Caffeine cache, by adding it and org.springframework.cache.caffeine.CaffeineCacheManager to the classpath.
2025-05-23T01:19:43.104+02:00  INFO 6933 --- [           main] [                                                 ] o.s.i.endpoint.EventDrivenConsumer       : Adding {logging-channel-adapter:_org.springframework.integration.errorLogger} as a subscriber to the 'errorChannel' channel
2025-05-23T01:19:43.104+02:00  INFO 6933 --- [           main] [                                                 ] o.s.i.channel.PublishSubscribeChannel    : Channel 'application.errorChannel' has 1 subscriber(s).
2025-05-23T01:19:43.104+02:00  INFO 6933 --- [           main] [                                                 ] o.s.i.endpoint.EventDrivenConsumer       : started bean '_org.springframework.integration.errorLogger'
2025-05-23T01:19:43.137+02:00  INFO 6933 --- [           main] [                                                 ] o.s.a.r.c.CachingConnectionFactory       : Attempting to connect to: [localhost:5672]
2025-05-23T01:19:43.150+02:00  INFO 6933 --- [           main] [                                                 ] o.s.c.s.m.DirectWithAttributesChannel    : Channel 'application.shipOrder-out-0' has 1 subscriber(s).
2025-05-23T01:19:43.171+02:00  INFO 6933 --- [           main] [                                                 ] c.s.b.r.p.RabbitExchangeQueueProvisioner : declaring queue for inbound: shipOrder-in-0.anonymous.Vqc7rTs2R4Kgb4GzLmyJOw, bound to: shipOrder-in-0
2025-05-23T01:19:43.171+02:00  INFO 6933 --- [           main] [                                                 ] o.s.a.r.c.CachingConnectionFactory       : Attempting to connect to: [localhost:5672]
2025-05-23T01:19:43.172+02:00  INFO 6933 --- [           main] [                                                 ] o.s.a.r.c.CachingConnectionFactory       : Attempting to connect to: [localhost:5672]
2025-05-23T01:19:43.174+02:00  INFO 6933 --- [           main] [                                                 ] o.s.a.r.c.CachingConnectionFactory       : Attempting to connect to: [localhost:5672]
2025-05-23T01:19:43.180+02:00  INFO 6933 --- [           main] [                                                 ] o.s.c.stream.binder.BinderErrorChannel   : Channel 'rabbit-401132274.shipOrder-in-0.errors' has 1 subscriber(s).
2025-05-23T01:19:43.180+02:00  INFO 6933 --- [           main] [                                                 ] o.s.c.stream.binder.BinderErrorChannel   : Channel 'rabbit-401132274.shipOrder-in-0.errors' has 2 subscriber(s).
2025-05-23T01:19:43.181+02:00  INFO 6933 --- [           main] [                                                 ] o.s.a.r.c.CachingConnectionFactory       : Attempting to connect to: [localhost:5672]
2025-05-23T01:19:43.182+02:00  INFO 6933 --- [           main] [                                                 ] o.s.a.r.l.SimpleMessageListenerContainer : Broker not available; cannot force queue declarations during start: java.net.ConnectException: Connection refused
2025-05-23T01:19:43.187+02:00  INFO 6933 --- [4Kgb4GzLmyJOw-1] [                                                 ] o.s.a.r.c.CachingConnectionFactory       : Attempting to connect to: [localhost:5672]
2025-05-23T01:19:43.188+02:00  INFO 6933 --- [           main] [                                                 ] o.s.i.a.i.AmqpInboundChannelAdapter      : started bean 'inbound.shipOrder-in-0.anonymous.Vqc7rTs2R4Kgb4GzLmyJOw'
2025-05-23T01:19:43.207+02:00  INFO 6933 --- [           main] [                                                 ] c.e.s.ShippingServiceApplicationTest     : Started ShippingServiceApplicationTest in 1.765 seconds (process running for 2.289)
]]></system-out>
    <system-err><![CDATA[Mockito is currently self-attaching to enable the inline-mock-maker. This will no longer work in future releases of the JDK. Please add Mockito as an agent to your build what is described in Mockito's documentation: https://javadoc.io/doc/org.mockito/mockito-core/latest/org/mockito/Mockito.html#0.3
WARNING: A Java agent has been loaded dynamically (/Users/tsalm/.m2/repository/net/bytebuddy/byte-buddy-agent/1.15.11/byte-buddy-agent-1.15.11.jar)
WARNING: If a serviceability tool is in use, please run with -XX:+EnableDynamicAgentLoading to hide this warning
WARNING: If a serviceability tool is not in use, please run with -Djdk.instrument.traceUsage for more information
WARNING: Dynamic loading of agents will be disallowed by default in a future release
]]></system-err>
  </testcase>
</testsuite>